<?xml version="1.0" encoding="UTF-8"?>
<!-- Generated by org.testng.reporters.JUnitReportReporter -->
<testsuite skipped="0" hostname="LAPTOP-FK5U4VG9" name="com.qa.test.testGetCall" tests="1" failures="0" timestamp="02 May 2020 02:20:41 GMT" time="4.114" errors="0">
  <testcase name="testGet" time="4.114" classname="com.qa.test.testGetCall"/>
</testsuite> <!-- com.qa.test.testGetCall -->
